
MBEX-LAPTOP	Wed Nov 30 18:39:51 2016
	Shutting down the server with 1 active connection(s) to 1 database(s), 0 active service(s)


MBEX-LAPTOP	Wed Nov 30 18:51:08 2016
	Shutting down the server with 1 active connection(s) to 1 database(s), 0 active service(s)


MBEX-LAPTOP	Mon Dec 05 21:11:13 2016
	Shutting down the server with 1 active connection(s) to 1 database(s), 0 active service(s)


MBEX-LAPTOP	Mon Dec 05 21:18:37 2016
	Shutting down the server with 1 active connection(s) to 1 database(s), 0 active service(s)


MBEX-LAPTOP	Tue Dec 06 16:58:30 2016
	Shutting down the server with 1 active connection(s) to 1 database(s), 0 active service(s)


MBEX-LAPTOP	Thu Dec 08 21:48:43 2016
	Shutting down the server with 1 active connection(s) to 1 database(s), 0 active service(s)


MBEX-LAPTOP	Fri Dec 09 09:31:57 2016
	Shutting down the server with 1 active connection(s) to 1 database(s), 0 active service(s)


MBEX-LAPTOP	Fri Dec 09 09:38:43 2016
	Shutting down the server with 1 active connection(s) to 1 database(s), 0 active service(s)


MBEX-LAPTOP	Fri Dec 09 10:47:28 2016
	Shutting down the server with 1 active connection(s) to 1 database(s), 0 active service(s)


MBEX-LAPTOP	Fri Dec 09 10:47:54 2016
	Shutting down the server with 1 active connection(s) to 1 database(s), 0 active service(s)


MBEX-LAPTOP	Fri Dec 09 10:48:57 2016
	Shutting down the server with 1 active connection(s) to 1 database(s), 0 active service(s)


MBEX-LAPTOP	Fri Dec 09 10:49:11 2016
	Shutting down the server with 1 active connection(s) to 1 database(s), 0 active service(s)


MBEX-LAPTOP	Fri Dec 09 10:50:18 2016
	Shutting down the server with 1 active connection(s) to 1 database(s), 0 active service(s)


MBEX-LAPTOP	Fri Dec 09 10:52:13 2016
	Shutting down the server with 1 active connection(s) to 1 database(s), 0 active service(s)


MBEX-LAPTOP	Fri Dec 09 10:53:10 2016
	Shutting down the server with 1 active connection(s) to 1 database(s), 0 active service(s)


MBEX-LAPTOP	Fri Dec 09 10:56:08 2016
	Shutting down the server with 1 active connection(s) to 1 database(s), 0 active service(s)


MBEX-LAPTOP	Fri Dec 09 10:58:39 2016
	Shutting down the server with 1 active connection(s) to 1 database(s), 0 active service(s)


MBEX-LAPTOP	Fri Dec 09 10:59:18 2016
	Shutting down the server with 1 active connection(s) to 1 database(s), 0 active service(s)


MBEX-LAPTOP	Fri Dec 09 10:59:54 2016
	Shutting down the server with 1 active connection(s) to 1 database(s), 0 active service(s)


MBEX-LAPTOP	Fri Dec 09 11:03:14 2016
	Shutting down the server with 1 active connection(s) to 1 database(s), 0 active service(s)


MBEX-LAPTOP	Fri Dec 09 11:04:23 2016
	Shutting down the server with 1 active connection(s) to 1 database(s), 0 active service(s)


MBEX-LAPTOP	Fri Dec 09 11:06:33 2016
	Shutting down the server with 2 active connection(s) to 2 database(s), 0 active service(s)


MBEX-LAPTOP	Fri Dec 09 11:11:54 2016
	Shutting down the server with 2 active connection(s) to 2 database(s), 0 active service(s)


MBEX-LAPTOP	Fri Dec 09 11:13:02 2016
	Shutting down the server with 1 active connection(s) to 1 database(s), 0 active service(s)


MBEX-LAPTOP	Fri Dec 09 16:04:28 2016
	Shutting down the server with 2 active connection(s) to 1 database(s), 0 active service(s)


MBEX-LAPTOP	Fri Dec 09 16:15:06 2016
	Shutting down the server with 2 active connection(s) to 1 database(s), 0 active service(s)


MBEX-LAPTOP	Fri Dec 09 16:15:38 2016
	Shutting down the server with 2 active connection(s) to 1 database(s), 0 active service(s)


MBEX-LAPTOP	Fri Dec 09 16:15:45 2016
	Shutting down the server with 2 active connection(s) to 1 database(s), 0 active service(s)


MBEX-LAPTOP	Fri Dec 09 16:16:07 2016
	Shutting down the server with 2 active connection(s) to 1 database(s), 0 active service(s)


MBEX-LAPTOP	Fri Dec 09 17:22:56 2016
	Shutting down the server with 1 active connection(s) to 1 database(s), 0 active service(s)


MBEX-LAPTOP	Fri Dec 09 17:24:12 2016
	Shutting down the server with 1 active connection(s) to 1 database(s), 0 active service(s)


MBEX-LAPTOP	Fri Dec 09 17:24:27 2016
	Shutting down the server with 1 active connection(s) to 1 database(s), 0 active service(s)


MBEX-LAPTOP	Fri Dec 09 17:26:13 2016
	Shutting down the server with 1 active connection(s) to 1 database(s), 0 active service(s)


MBEX-LAPTOP	Fri Dec 09 20:45:00 2016
	Shutting down the server with 2 active connection(s) to 1 database(s), 0 active service(s)


MBEX-LAPTOP	Fri Dec 09 20:45:35 2016
	Shutting down the server with 2 active connection(s) to 1 database(s), 0 active service(s)


MBEX-LAPTOP	Fri Dec 09 20:46:38 2016
	Shutting down the server with 2 active connection(s) to 1 database(s), 0 active service(s)


MBEX-LAPTOP	Fri Dec 09 20:47:59 2016
	Shutting down the server with 2 active connection(s) to 1 database(s), 0 active service(s)


MBEX-LAPTOP	Fri Dec 09 20:50:28 2016
	Shutting down the server with 2 active connection(s) to 1 database(s), 0 active service(s)


MBEX-LAPTOP	Fri Dec 09 21:03:39 2016
	Shutting down the server with 2 active connection(s) to 1 database(s), 0 active service(s)


MBEX-LAPTOP	Sat Dec 10 09:58:00 2016
	Shutting down the server with 2 active connection(s) to 1 database(s), 0 active service(s)


MBEX-LAPTOP	Sat Dec 10 10:01:49 2016
	Shutting down the server with 2 active connection(s) to 2 database(s), 0 active service(s)


MBEX-LAPTOP	Sat Dec 10 10:10:14 2016
	Shutting down the server with 2 active connection(s) to 2 database(s), 0 active service(s)


MBEX-LAPTOP	Sat Dec 10 13:14:28 2016
	Shutting down the server with 19 active connection(s) to 19 database(s), 0 active service(s)


MBEX-LAPTOP	Sat Dec 10 14:41:51 2016
	Shutting down the server with 1 active connection(s) to 1 database(s), 0 active service(s)

